<?xml version="1.0" encoding="UTF-8"?>
<testsuite xmlns:xsi="http://www.w3.org/2001/XMLSchema-instance" xsi:noNamespaceSchemaLocation="https://maven.apache.org/surefire/maven-surefire-plugin/xsd/surefire-test-report-3.0.xsd" version="3.0" name="com.cypcode.custom_shell_cli.ApplicationTests" time="5.755" tests="1" errors="0" skipped="0" failures="0">
  <properties>
    <property name="java.specification.version" value="17"/>
    <property name="sun.jnu.encoding" value="UTF-8"/>
    <property name="java.class.path" value="/Users/nkululekog/Documents/Projects/Cypcode/Cypcode Studios/custom-shell-cli/target/test-classes:/Users/nkululekog/Documents/Projects/Cypcode/Cypcode Studios/custom-shell-cli/target/classes:/Users/nkululekog/.m2/repository/org/springframework/shell/spring-shell-starter/3.3.1/spring-shell-starter-3.3.1.jar:/Users/nkululekog/.m2/repository/org/springframework/shell/spring-shell-autoconfigure/3.3.1/spring-shell-autoconfigure-3.3.1.jar:/Users/nkululekog/.m2/repository/org/springframework/shell/spring-shell-core/3.3.1/spring-shell-core-3.3.1.jar:/Users/nkululekog/.m2/repository/org/springframework/boot/spring-boot-starter-validation/3.3.1/spring-boot-starter-validation-3.3.1.jar:/Users/nkululekog/.m2/repository/org/apache/tomcat/embed/tomcat-embed-el/10.1.25/tomcat-embed-el-10.1.25.jar:/Users/nkululekog/.m2/repository/org/hibernate/validator/hibernate-validator/8.0.1.Final/hibernate-validator-8.0.1.Final.jar:/Users/nkululekog/.m2/repository/jakarta/validation/jakarta.validation-api/3.0.2/jakarta.validation-api-3.0.2.jar:/Users/nkululekog/.m2/repository/org/jboss/logging/jboss-logging/3.5.3.Final/jboss-logging-3.5.3.Final.jar:/Users/nkululekog/.m2/repository/com/fasterxml/classmate/1.7.0/classmate-1.7.0.jar:/Users/nkululekog/.m2/repository/org/springframework/spring-messaging/6.1.10/spring-messaging-6.1.10.jar:/Users/nkululekog/.m2/repository/org/springframework/spring-beans/6.1.10/spring-beans-6.1.10.jar:/Users/nkululekog/.m2/repository/io/projectreactor/reactor-core/3.6.7/reactor-core-3.6.7.jar:/Users/nkululekog/.m2/repository/org/reactivestreams/reactive-streams/1.0.4/reactive-streams-1.0.4.jar:/Users/nkululekog/.m2/repository/org/jline/jline-console/3.26.2/jline-console-3.26.2.jar:/Users/nkululekog/.m2/repository/org/jline/jline-builtins/3.26.2/jline-builtins-3.26.2.jar:/Users/nkululekog/.m2/repository/org/jline/jline-reader/3.26.2/jline-reader-3.26.2.jar:/Users/nkululekog/.m2/repository/org/jline/jline-style/3.26.2/jline-style-3.26.2.jar:/Users/nkululekog/.m2/repository/org/jline/jline-terminal/3.26.2/jline-terminal-3.26.2.jar:/Users/nkululekog/.m2/repository/org/jline/jline-native/3.26.2/jline-native-3.26.2.jar:/Users/nkululekog/.m2/repository/org/antlr/ST4/4.3.3/ST4-4.3.3.jar:/Users/nkululekog/.m2/repository/org/antlr/antlr-runtime/3.5.2/antlr-runtime-3.5.2.jar:/Users/nkululekog/.m2/repository/commons-io/commons-io/2.11.0/commons-io-2.11.0.jar:/Users/nkululekog/.m2/repository/org/springframework/shell/spring-shell-standard/3.3.1/spring-shell-standard-3.3.1.jar:/Users/nkululekog/.m2/repository/org/springframework/shell/spring-shell-standard-commands/3.3.1/spring-shell-standard-commands-3.3.1.jar:/Users/nkululekog/.m2/repository/org/springframework/shell/spring-shell-table/3.3.1/spring-shell-table-3.3.1.jar:/Users/nkululekog/.m2/repository/org/springframework/spring-context/6.1.10/spring-context-6.1.10.jar:/Users/nkululekog/.m2/repository/org/springframework/spring-aop/6.1.10/spring-aop-6.1.10.jar:/Users/nkululekog/.m2/repository/org/springframework/spring-expression/6.1.10/spring-expression-6.1.10.jar:/Users/nkululekog/.m2/repository/org/springframework/boot/spring-boot-starter/3.3.1/spring-boot-starter-3.3.1.jar:/Users/nkululekog/.m2/repository/org/springframework/boot/spring-boot-starter-logging/3.3.1/spring-boot-starter-logging-3.3.1.jar:/Users/nkululekog/.m2/repository/ch/qos/logback/logback-classic/1.5.6/logback-classic-1.5.6.jar:/Users/nkululekog/.m2/repository/ch/qos/logback/logback-core/1.5.6/logback-core-1.5.6.jar:/Users/nkululekog/.m2/repository/org/apache/logging/log4j/log4j-to-slf4j/2.23.1/log4j-to-slf4j-2.23.1.jar:/Users/nkululekog/.m2/repository/org/apache/logging/log4j/log4j-api/2.23.1/log4j-api-2.23.1.jar:/Users/nkululekog/.m2/repository/org/slf4j/jul-to-slf4j/2.0.13/jul-to-slf4j-2.0.13.jar:/Users/nkululekog/.m2/repository/jakarta/annotation/jakarta.annotation-api/2.1.1/jakarta.annotation-api-2.1.1.jar:/Users/nkululekog/.m2/repository/org/yaml/snakeyaml/2.2/snakeyaml-2.2.jar:/Users/nkululekog/.m2/repository/org/springframework/boot/spring-boot-devtools/3.3.1/spring-boot-devtools-3.3.1.jar:/Users/nkululekog/.m2/repository/org/springframework/boot/spring-boot/3.3.1/spring-boot-3.3.1.jar:/Users/nkululekog/.m2/repository/org/springframework/boot/spring-boot-autoconfigure/3.3.1/spring-boot-autoconfigure-3.3.1.jar:/Users/nkululekog/.m2/repository/org/projectlombok/lombok/1.18.32/lombok-1.18.32.jar:/Users/nkululekog/.m2/repository/org/springframework/boot/spring-boot-starter-test/3.3.1/spring-boot-starter-test-3.3.1.jar:/Users/nkululekog/.m2/repository/org/springframework/boot/spring-boot-test/3.3.1/spring-boot-test-3.3.1.jar:/Users/nkululekog/.m2/repository/org/springframework/boot/spring-boot-test-autoconfigure/3.3.1/spring-boot-test-autoconfigure-3.3.1.jar:/Users/nkululekog/.m2/repository/com/jayway/jsonpath/json-path/2.9.0/json-path-2.9.0.jar:/Users/nkululekog/.m2/repository/org/slf4j/slf4j-api/2.0.13/slf4j-api-2.0.13.jar:/Users/nkululekog/.m2/repository/jakarta/xml/bind/jakarta.xml.bind-api/4.0.2/jakarta.xml.bind-api-4.0.2.jar:/Users/nkululekog/.m2/repository/jakarta/activation/jakarta.activation-api/2.1.3/jakarta.activation-api-2.1.3.jar:/Users/nkululekog/.m2/repository/net/minidev/json-smart/2.5.1/json-smart-2.5.1.jar:/Users/nkululekog/.m2/repository/net/minidev/accessors-smart/2.5.1/accessors-smart-2.5.1.jar:/Users/nkululekog/.m2/repository/org/ow2/asm/asm/9.6/asm-9.6.jar:/Users/nkululekog/.m2/repository/org/assertj/assertj-core/3.25.3/assertj-core-3.25.3.jar:/Users/nkululekog/.m2/repository/net/bytebuddy/byte-buddy/1.14.17/byte-buddy-1.14.17.jar:/Users/nkululekog/.m2/repository/org/awaitility/awaitility/4.2.1/awaitility-4.2.1.jar:/Users/nkululekog/.m2/repository/org/hamcrest/hamcrest/2.2/hamcrest-2.2.jar:/Users/nkululekog/.m2/repository/org/junit/jupiter/junit-jupiter/5.10.2/junit-jupiter-5.10.2.jar:/Users/nkululekog/.m2/repository/org/junit/jupiter/junit-jupiter-api/5.10.2/junit-jupiter-api-5.10.2.jar:/Users/nkululekog/.m2/repository/org/opentest4j/opentest4j/1.3.0/opentest4j-1.3.0.jar:/Users/nkululekog/.m2/repository/org/junit/platform/junit-platform-commons/1.10.2/junit-platform-commons-1.10.2.jar:/Users/nkululekog/.m2/repository/org/apiguardian/apiguardian-api/1.1.2/apiguardian-api-1.1.2.jar:/Users/nkululekog/.m2/repository/org/junit/jupiter/junit-jupiter-params/5.10.2/junit-jupiter-params-5.10.2.jar:/Users/nkululekog/.m2/repository/org/junit/jupiter/junit-jupiter-engine/5.10.2/junit-jupiter-engine-5.10.2.jar:/Users/nkululekog/.m2/repository/org/junit/platform/junit-platform-engine/1.10.2/junit-platform-engine-1.10.2.jar:/Users/nkululekog/.m2/repository/org/mockito/mockito-core/5.11.0/mockito-core-5.11.0.jar:/Users/nkululekog/.m2/repository/net/bytebuddy/byte-buddy-agent/1.14.17/byte-buddy-agent-1.14.17.jar:/Users/nkululekog/.m2/repository/org/objenesis/objenesis/3.3/objenesis-3.3.jar:/Users/nkululekog/.m2/repository/org/mockito/mockito-junit-jupiter/5.11.0/mockito-junit-jupiter-5.11.0.jar:/Users/nkululekog/.m2/repository/org/skyscreamer/jsonassert/1.5.1/jsonassert-1.5.1.jar:/Users/nkululekog/.m2/repository/com/vaadin/external/google/android-json/0.0.20131108.vaadin1/android-json-0.0.20131108.vaadin1.jar:/Users/nkululekog/.m2/repository/org/springframework/spring-core/6.1.10/spring-core-6.1.10.jar:/Users/nkululekog/.m2/repository/org/springframework/spring-jcl/6.1.10/spring-jcl-6.1.10.jar:/Users/nkululekog/.m2/repository/org/springframework/spring-test/6.1.10/spring-test-6.1.10.jar:/Users/nkululekog/.m2/repository/org/xmlunit/xmlunit-core/2.9.1/xmlunit-core-2.9.1.jar:/Users/nkululekog/.m2/repository/org/springframework/boot/spring-boot-starter-actuator/3.3.1/spring-boot-starter-actuator-3.3.1.jar:/Users/nkululekog/.m2/repository/org/springframework/boot/spring-boot-actuator-autoconfigure/3.3.1/spring-boot-actuator-autoconfigure-3.3.1.jar:/Users/nkululekog/.m2/repository/org/springframework/boot/spring-boot-actuator/3.3.1/spring-boot-actuator-3.3.1.jar:/Users/nkululekog/.m2/repository/com/fasterxml/jackson/core/jackson-databind/2.17.1/jackson-databind-2.17.1.jar:/Users/nkululekog/.m2/repository/com/fasterxml/jackson/core/jackson-annotations/2.17.1/jackson-annotations-2.17.1.jar:/Users/nkululekog/.m2/repository/com/fasterxml/jackson/core/jackson-core/2.17.1/jackson-core-2.17.1.jar:/Users/nkululekog/.m2/repository/com/fasterxml/jackson/datatype/jackson-datatype-jsr310/2.17.1/jackson-datatype-jsr310-2.17.1.jar:/Users/nkululekog/.m2/repository/io/micrometer/micrometer-observation/1.13.1/micrometer-observation-1.13.1.jar:/Users/nkululekog/.m2/repository/io/micrometer/micrometer-commons/1.13.1/micrometer-commons-1.13.1.jar:/Users/nkululekog/.m2/repository/io/micrometer/micrometer-jakarta9/1.13.1/micrometer-jakarta9-1.13.1.jar:/Users/nkululekog/.m2/repository/io/micrometer/micrometer-core/1.13.1/micrometer-core-1.13.1.jar:/Users/nkululekog/.m2/repository/org/hdrhistogram/HdrHistogram/2.2.2/HdrHistogram-2.2.2.jar:/Users/nkululekog/.m2/repository/org/latencyutils/LatencyUtils/2.0.3/LatencyUtils-2.0.3.jar:"/>
    <property name="java.vm.vendor" value="Amazon.com Inc."/>
    <property name="sun.arch.data.model" value="64"/>
    <property name="java.vendor.url" value="https://aws.amazon.com/corretto/"/>
    <property name="user.timezone" value="Africa/Johannesburg"/>
    <property name="org.jboss.logging.provider" value="slf4j"/>
    <property name="os.name" value="Mac OS X"/>
    <property name="java.vm.specification.version" value="17"/>
    <property name="sun.java.launcher" value="SUN_STANDARD"/>
    <property name="user.country" value="ZA"/>
    <property name="sun.boot.library.path" value="/Users/nkululekog/Library/Java/JavaVirtualMachines/corretto-17.0.11/Contents/Home/lib"/>
    <property name="sun.java.command" value="/Users/nkululekog/Documents/Projects/Cypcode/Cypcode Studios/custom-shell-cli/target/surefire/surefirebooter-20240715163802681_3.jar /Users/nkululekog/Documents/Projects/Cypcode/Cypcode Studios/custom-shell-cli/target/surefire 2024-07-15T16-38-02_484-jvmRun1 surefire-20240715163802681_1tmp surefire_0-20240715163802681_2tmp"/>
    <property name="http.nonProxyHosts" value="local|*.local|169.254/16|*.169.254/16"/>
    <property name="jdk.debug" value="release"/>
    <property name="surefire.test.class.path" value="/Users/nkululekog/Documents/Projects/Cypcode/Cypcode Studios/custom-shell-cli/target/test-classes:/Users/nkululekog/Documents/Projects/Cypcode/Cypcode Studios/custom-shell-cli/target/classes:/Users/nkululekog/.m2/repository/org/springframework/shell/spring-shell-starter/3.3.1/spring-shell-starter-3.3.1.jar:/Users/nkululekog/.m2/repository/org/springframework/shell/spring-shell-autoconfigure/3.3.1/spring-shell-autoconfigure-3.3.1.jar:/Users/nkululekog/.m2/repository/org/springframework/shell/spring-shell-core/3.3.1/spring-shell-core-3.3.1.jar:/Users/nkululekog/.m2/repository/org/springframework/boot/spring-boot-starter-validation/3.3.1/spring-boot-starter-validation-3.3.1.jar:/Users/nkululekog/.m2/repository/org/apache/tomcat/embed/tomcat-embed-el/10.1.25/tomcat-embed-el-10.1.25.jar:/Users/nkululekog/.m2/repository/org/hibernate/validator/hibernate-validator/8.0.1.Final/hibernate-validator-8.0.1.Final.jar:/Users/nkululekog/.m2/repository/jakarta/validation/jakarta.validation-api/3.0.2/jakarta.validation-api-3.0.2.jar:/Users/nkululekog/.m2/repository/org/jboss/logging/jboss-logging/3.5.3.Final/jboss-logging-3.5.3.Final.jar:/Users/nkululekog/.m2/repository/com/fasterxml/classmate/1.7.0/classmate-1.7.0.jar:/Users/nkululekog/.m2/repository/org/springframework/spring-messaging/6.1.10/spring-messaging-6.1.10.jar:/Users/nkululekog/.m2/repository/org/springframework/spring-beans/6.1.10/spring-beans-6.1.10.jar:/Users/nkululekog/.m2/repository/io/projectreactor/reactor-core/3.6.7/reactor-core-3.6.7.jar:/Users/nkululekog/.m2/repository/org/reactivestreams/reactive-streams/1.0.4/reactive-streams-1.0.4.jar:/Users/nkululekog/.m2/repository/org/jline/jline-console/3.26.2/jline-console-3.26.2.jar:/Users/nkululekog/.m2/repository/org/jline/jline-builtins/3.26.2/jline-builtins-3.26.2.jar:/Users/nkululekog/.m2/repository/org/jline/jline-reader/3.26.2/jline-reader-3.26.2.jar:/Users/nkululekog/.m2/repository/org/jline/jline-style/3.26.2/jline-style-3.26.2.jar:/Users/nkululekog/.m2/repository/org/jline/jline-terminal/3.26.2/jline-terminal-3.26.2.jar:/Users/nkululekog/.m2/repository/org/jline/jline-native/3.26.2/jline-native-3.26.2.jar:/Users/nkululekog/.m2/repository/org/antlr/ST4/4.3.3/ST4-4.3.3.jar:/Users/nkululekog/.m2/repository/org/antlr/antlr-runtime/3.5.2/antlr-runtime-3.5.2.jar:/Users/nkululekog/.m2/repository/commons-io/commons-io/2.11.0/commons-io-2.11.0.jar:/Users/nkululekog/.m2/repository/org/springframework/shell/spring-shell-standard/3.3.1/spring-shell-standard-3.3.1.jar:/Users/nkululekog/.m2/repository/org/springframework/shell/spring-shell-standard-commands/3.3.1/spring-shell-standard-commands-3.3.1.jar:/Users/nkululekog/.m2/repository/org/springframework/shell/spring-shell-table/3.3.1/spring-shell-table-3.3.1.jar:/Users/nkululekog/.m2/repository/org/springframework/spring-context/6.1.10/spring-context-6.1.10.jar:/Users/nkululekog/.m2/repository/org/springframework/spring-aop/6.1.10/spring-aop-6.1.10.jar:/Users/nkululekog/.m2/repository/org/springframework/spring-expression/6.1.10/spring-expression-6.1.10.jar:/Users/nkululekog/.m2/repository/org/springframework/boot/spring-boot-starter/3.3.1/spring-boot-starter-3.3.1.jar:/Users/nkululekog/.m2/repository/org/springframework/boot/spring-boot-starter-logging/3.3.1/spring-boot-starter-logging-3.3.1.jar:/Users/nkululekog/.m2/repository/ch/qos/logback/logback-classic/1.5.6/logback-classic-1.5.6.jar:/Users/nkululekog/.m2/repository/ch/qos/logback/logback-core/1.5.6/logback-core-1.5.6.jar:/Users/nkululekog/.m2/repository/org/apache/logging/log4j/log4j-to-slf4j/2.23.1/log4j-to-slf4j-2.23.1.jar:/Users/nkululekog/.m2/repository/org/apache/logging/log4j/log4j-api/2.23.1/log4j-api-2.23.1.jar:/Users/nkululekog/.m2/repository/org/slf4j/jul-to-slf4j/2.0.13/jul-to-slf4j-2.0.13.jar:/Users/nkululekog/.m2/repository/jakarta/annotation/jakarta.annotation-api/2.1.1/jakarta.annotation-api-2.1.1.jar:/Users/nkululekog/.m2/repository/org/yaml/snakeyaml/2.2/snakeyaml-2.2.jar:/Users/nkululekog/.m2/repository/org/springframework/boot/spring-boot-devtools/3.3.1/spring-boot-devtools-3.3.1.jar:/Users/nkululekog/.m2/repository/org/springframework/boot/spring-boot/3.3.1/spring-boot-3.3.1.jar:/Users/nkululekog/.m2/repository/org/springframework/boot/spring-boot-autoconfigure/3.3.1/spring-boot-autoconfigure-3.3.1.jar:/Users/nkululekog/.m2/repository/org/projectlombok/lombok/1.18.32/lombok-1.18.32.jar:/Users/nkululekog/.m2/repository/org/springframework/boot/spring-boot-starter-test/3.3.1/spring-boot-starter-test-3.3.1.jar:/Users/nkululekog/.m2/repository/org/springframework/boot/spring-boot-test/3.3.1/spring-boot-test-3.3.1.jar:/Users/nkululekog/.m2/repository/org/springframework/boot/spring-boot-test-autoconfigure/3.3.1/spring-boot-test-autoconfigure-3.3.1.jar:/Users/nkululekog/.m2/repository/com/jayway/jsonpath/json-path/2.9.0/json-path-2.9.0.jar:/Users/nkululekog/.m2/repository/org/slf4j/slf4j-api/2.0.13/slf4j-api-2.0.13.jar:/Users/nkululekog/.m2/repository/jakarta/xml/bind/jakarta.xml.bind-api/4.0.2/jakarta.xml.bind-api-4.0.2.jar:/Users/nkululekog/.m2/repository/jakarta/activation/jakarta.activation-api/2.1.3/jakarta.activation-api-2.1.3.jar:/Users/nkululekog/.m2/repository/net/minidev/json-smart/2.5.1/json-smart-2.5.1.jar:/Users/nkululekog/.m2/repository/net/minidev/accessors-smart/2.5.1/accessors-smart-2.5.1.jar:/Users/nkululekog/.m2/repository/org/ow2/asm/asm/9.6/asm-9.6.jar:/Users/nkululekog/.m2/repository/org/assertj/assertj-core/3.25.3/assertj-core-3.25.3.jar:/Users/nkululekog/.m2/repository/net/bytebuddy/byte-buddy/1.14.17/byte-buddy-1.14.17.jar:/Users/nkululekog/.m2/repository/org/awaitility/awaitility/4.2.1/awaitility-4.2.1.jar:/Users/nkululekog/.m2/repository/org/hamcrest/hamcrest/2.2/hamcrest-2.2.jar:/Users/nkululekog/.m2/repository/org/junit/jupiter/junit-jupiter/5.10.2/junit-jupiter-5.10.2.jar:/Users/nkululekog/.m2/repository/org/junit/jupiter/junit-jupiter-api/5.10.2/junit-jupiter-api-5.10.2.jar:/Users/nkululekog/.m2/repository/org/opentest4j/opentest4j/1.3.0/opentest4j-1.3.0.jar:/Users/nkululekog/.m2/repository/org/junit/platform/junit-platform-commons/1.10.2/junit-platform-commons-1.10.2.jar:/Users/nkululekog/.m2/repository/org/apiguardian/apiguardian-api/1.1.2/apiguardian-api-1.1.2.jar:/Users/nkululekog/.m2/repository/org/junit/jupiter/junit-jupiter-params/5.10.2/junit-jupiter-params-5.10.2.jar:/Users/nkululekog/.m2/repository/org/junit/jupiter/junit-jupiter-engine/5.10.2/junit-jupiter-engine-5.10.2.jar:/Users/nkululekog/.m2/repository/org/junit/platform/junit-platform-engine/1.10.2/junit-platform-engine-1.10.2.jar:/Users/nkululekog/.m2/repository/org/mockito/mockito-core/5.11.0/mockito-core-5.11.0.jar:/Users/nkululekog/.m2/repository/net/bytebuddy/byte-buddy-agent/1.14.17/byte-buddy-agent-1.14.17.jar:/Users/nkululekog/.m2/repository/org/objenesis/objenesis/3.3/objenesis-3.3.jar:/Users/nkululekog/.m2/repository/org/mockito/mockito-junit-jupiter/5.11.0/mockito-junit-jupiter-5.11.0.jar:/Users/nkululekog/.m2/repository/org/skyscreamer/jsonassert/1.5.1/jsonassert-1.5.1.jar:/Users/nkululekog/.m2/repository/com/vaadin/external/google/android-json/0.0.20131108.vaadin1/android-json-0.0.20131108.vaadin1.jar:/Users/nkululekog/.m2/repository/org/springframework/spring-core/6.1.10/spring-core-6.1.10.jar:/Users/nkululekog/.m2/repository/org/springframework/spring-jcl/6.1.10/spring-jcl-6.1.10.jar:/Users/nkululekog/.m2/repository/org/springframework/spring-test/6.1.10/spring-test-6.1.10.jar:/Users/nkululekog/.m2/repository/org/xmlunit/xmlunit-core/2.9.1/xmlunit-core-2.9.1.jar:/Users/nkululekog/.m2/repository/org/springframework/boot/spring-boot-starter-actuator/3.3.1/spring-boot-starter-actuator-3.3.1.jar:/Users/nkululekog/.m2/repository/org/springframework/boot/spring-boot-actuator-autoconfigure/3.3.1/spring-boot-actuator-autoconfigure-3.3.1.jar:/Users/nkululekog/.m2/repository/org/springframework/boot/spring-boot-actuator/3.3.1/spring-boot-actuator-3.3.1.jar:/Users/nkululekog/.m2/repository/com/fasterxml/jackson/core/jackson-databind/2.17.1/jackson-databind-2.17.1.jar:/Users/nkululekog/.m2/repository/com/fasterxml/jackson/core/jackson-annotations/2.17.1/jackson-annotations-2.17.1.jar:/Users/nkululekog/.m2/repository/com/fasterxml/jackson/core/jackson-core/2.17.1/jackson-core-2.17.1.jar:/Users/nkululekog/.m2/repository/com/fasterxml/jackson/datatype/jackson-datatype-jsr310/2.17.1/jackson-datatype-jsr310-2.17.1.jar:/Users/nkululekog/.m2/repository/io/micrometer/micrometer-observation/1.13.1/micrometer-observation-1.13.1.jar:/Users/nkululekog/.m2/repository/io/micrometer/micrometer-commons/1.13.1/micrometer-commons-1.13.1.jar:/Users/nkululekog/.m2/repository/io/micrometer/micrometer-jakarta9/1.13.1/micrometer-jakarta9-1.13.1.jar:/Users/nkululekog/.m2/repository/io/micrometer/micrometer-core/1.13.1/micrometer-core-1.13.1.jar:/Users/nkululekog/.m2/repository/org/hdrhistogram/HdrHistogram/2.2.2/HdrHistogram-2.2.2.jar:/Users/nkululekog/.m2/repository/org/latencyutils/LatencyUtils/2.0.3/LatencyUtils-2.0.3.jar:"/>
    <property name="sun.cpu.endian" value="little"/>
    <property name="user.home" value="/Users/nkululekog"/>
    <property name="user.language" value="en"/>
    <property name="java.specification.vendor" value="Oracle Corporation"/>
    <property name="java.version.date" value="2024-04-16"/>
    <property name="java.home" value="/Users/nkululekog/Library/Java/JavaVirtualMachines/corretto-17.0.11/Contents/Home"/>
    <property name="file.separator" value="/"/>
    <property name="basedir" value="/Users/nkululekog/Documents/Projects/Cypcode/Cypcode Studios/custom-shell-cli"/>
    <property name="java.vm.compressedOopsMode" value="Zero based"/>
    <property name="line.separator" value="&#10;"/>
    <property name="java.vm.specification.vendor" value="Oracle Corporation"/>
    <property name="java.specification.name" value="Java Platform API Specification"/>
    <property name="FILE_LOG_CHARSET" value="US-ASCII"/>
    <property name="java.awt.headless" value="true"/>
    <property name="surefire.real.class.path" value="/Users/nkululekog/Documents/Projects/Cypcode/Cypcode Studios/custom-shell-cli/target/surefire/surefirebooter-20240715163802681_3.jar"/>
    <property name="sun.management.compiler" value="HotSpot 64-Bit Tiered Compilers"/>
    <property name="ftp.nonProxyHosts" value="local|*.local|169.254/16|*.169.254/16"/>
    <property name="java.runtime.version" value="17.0.11+9-LTS"/>
    <property name="user.name" value="nkululekog"/>
    <property name="path.separator" value=":"/>
    <property name="os.version" value="12.7.2"/>
    <property name="java.runtime.name" value="OpenJDK Runtime Environment"/>
    <property name="file.encoding" value="US-ASCII"/>
    <property name="java.vm.name" value="OpenJDK 64-Bit Server VM"/>
    <property name="java.vendor.version" value="Corretto-17.0.11.9.1"/>
    <property name="localRepository" value="/Users/nkululekog/.m2/repository"/>
    <property name="java.vendor.url.bug" value="https://github.com/corretto/corretto-17/issues/"/>
    <property name="java.io.tmpdir" value="/var/folders/zz/7c57d2w52zdd_zr5g5pkbych0000gn/T/"/>
    <property name="idea.version" value="2024.1.4"/>
    <property name="java.version" value="17.0.11"/>
    <property name="user.dir" value="/Users/nkululekog/Documents/Projects/Cypcode/Cypcode Studios/custom-shell-cli"/>
    <property name="os.arch" value="x86_64"/>
    <property name="java.vm.specification.name" value="Java Virtual Machine Specification"/>
    <property name="PID" value="42405"/>
    <property name="CONSOLE_LOG_CHARSET" value="US-ASCII"/>
    <property name="native.encoding" value="US-ASCII"/>
    <property name="java.library.path" value="/Users/nkululekog/Library/Java/Extensions:/Library/Java/Extensions:/Network/Library/Java/Extensions:/System/Library/Java/Extensions:/usr/lib/java:."/>
    <property name="java.vm.info" value="mixed mode, sharing"/>
    <property name="java.vendor" value="Amazon.com Inc."/>
    <property name="java.vm.version" value="17.0.11+9-LTS"/>
    <property name="sun.io.unicode.encoding" value="UnicodeBig"/>
    <property name="socksNonProxyHosts" value="local|*.local|169.254/16|*.169.254/16"/>
    <property name="java.class.version" value="61.0"/>
    <property name="LOGGED_APPLICATION_NAME" value="[custom-shell-cli] "/>
  </properties>
  <testcase name="contextLoads" classname="com.cypcode.custom_shell_cli.ApplicationTests" time="1.58">
    <system-out><![CDATA[16:38:04.295 [main] INFO org.springframework.test.context.support.AnnotationConfigContextLoaderUtils -- Could not detect default configuration classes for test class [com.cypcode.custom_shell_cli.ApplicationTests]: ApplicationTests does not declare any static, non-private, non-final, nested classes annotated with @Configuration.
16:38:04.542 [main] INFO org.springframework.boot.test.context.SpringBootTestContextBootstrapper -- Found @SpringBootConfiguration com.cypcode.custom_shell_cli.Application for test class com.cypcode.custom_shell_cli.ApplicationTests
16:38:04.817 [main] INFO org.springframework.boot.devtools.restart.RestartApplicationListener -- Restart disabled due to context in which it is running

  .   ____          _            __ _ _
 /\\ / ___'_ __ _ _(_)_ __  __ _ \ \ \ \
( ( )\___ | '_ | '_| | '_ \/ _` | \ \ \ \
 \\/  ___)| |_)| | | | | || (_| |  ) ) ) )
  '  |____| .__|_| |_|_| |_\__, | / / / /
 =========|_|==============|___/=/_/_/_/

 :: Spring Boot ::                (v3.3.1)

2024-07-15T16:38:05.199+02:00  INFO 42405 --- [custom-shell-cli] [           main] c.c.custom_shell_cli.ApplicationTests    : Starting ApplicationTests using Java 17.0.11 with PID 42405 (started by nkululekog in /Users/nkululekog/Documents/Projects/Cypcode/Cypcode Studios/custom-shell-cli)
2024-07-15T16:38:05.203+02:00  INFO 42405 --- [custom-shell-cli] [           main] c.c.custom_shell_cli.ApplicationTests    : No active profile set, falling back to 1 default profile: "default"
2024-07-15T16:38:07.687+02:00  WARN 42405 --- [custom-shell-cli] [           main] org.jline                                : Unable to create a system terminal, creating a dumb terminal (enable debug logging for more information)
2024-07-15T16:38:08.179+02:00  INFO 42405 --- [custom-shell-cli] [           main] c.c.custom_shell_cli.ApplicationTests    : Started ApplicationTests in 3.382 seconds (process running for 5.308)
]]></system-out>
  </testcase>
</testsuite>